This is pdfTeX, Version 3.141592653-2.6-1.40.26 (TeX Live 2024/Arch Linux) (preloaded format=pdflatex 2024.12.25)  27 DEC 2024 21:37
entering extended mode
 restricted \write18 enabled.
 %&-line parsing enabled.
**./main.tex
(./main.tex
LaTeX2e <2023-11-01> patch level 1
L3 programming layer <2024-02-20>
(/usr/share/texmf-dist/tex/latex/base/article.cls
Document Class: article 2023/05/17 v1.4n Standard LaTeX document class
(/usr/share/texmf-dist/tex/latex/base/size11.clo
File: size11.clo 2023/05/17 v1.4n Standard LaTeX file (size option)
)
\c@part=\count188
\c@section=\count189
\c@subsection=\count190
\c@subsubsection=\count191
\c@paragraph=\count192
\c@subparagraph=\count193
\c@figure=\count194
\c@table=\count195
\abovecaptionskip=\skip48
\belowcaptionskip=\skip49
\bibindent=\dimen140
)
(/usr/share/texmf-dist/tex/latex/graphics/graphicx.sty
Package: graphicx 2021/09/16 v1.2d Enhanced LaTeX Graphics (DPC,SPQR)

(/usr/share/texmf-dist/tex/latex/graphics/keyval.sty
Package: keyval 2022/05/29 v1.15 key=value parser (DPC)
\KV@toks@=\toks17
)
(/usr/share/texmf-dist/tex/latex/graphics/graphics.sty
Package: graphics 2022/03/10 v1.4e Standard LaTeX Graphics (DPC,SPQR)

(/usr/share/texmf-dist/tex/latex/graphics/trig.sty
Package: trig 2021/08/11 v1.11 sin cos tan (DPC)
)
(/usr/share/texmf-dist/tex/latex/graphics-cfg/graphics.cfg
File: graphics.cfg 2016/06/04 v1.11 sample graphics configuration
)
Package graphics Info: Driver file: pdftex.def on input line 107.

(/usr/share/texmf-dist/tex/latex/graphics-def/pdftex.def
File: pdftex.def 2022/09/22 v1.2b Graphics/color driver for pdftex
))
\Gin@req@height=\dimen141
\Gin@req@width=\dimen142
)
(/usr/share/texmf-dist/tex/latex/listings/listings.sty
\lst@mode=\count196
\lst@gtempboxa=\box51
\lst@token=\toks18
\lst@length=\count197
\lst@currlwidth=\dimen143
\lst@column=\count198
\lst@pos=\count199
\lst@lostspace=\dimen144
\lst@width=\dimen145
\lst@newlines=\count266
\lst@lineno=\count267
\lst@maxwidth=\dimen146

(/usr/share/texmf-dist/tex/latex/listings/lstpatch.sty
File: lstpatch.sty 2024/02/21 1.10 (Carsten Heinz)
)
(/usr/share/texmf-dist/tex/latex/listings/lstmisc.sty
File: lstmisc.sty 2024/02/21 1.10 (Carsten Heinz)
\c@lstnumber=\count268
\lst@skipnumbers=\count269
\lst@framebox=\box52
)
(/usr/share/texmf-dist/tex/latex/listings/listings.cfg
File: listings.cfg 2024/02/21 1.10 listings configuration
))
Package: listings 2024/02/21 1.10 (Carsten Heinz)

(/usr/share/texmf-dist/tex/latex/siunitx/siunitx.sty
Package: siunitx 2024-02-15 v3.3.12 A comprehensive (SI) units package
\l__siunitx_number_uncert_offset_int=\count270
\l__siunitx_number_exponent_fixed_int=\count271
\l__siunitx_number_min_decimal_int=\count272
\l__siunitx_number_min_integer_int=\count273
\l__siunitx_number_round_precision_int=\count274
\l__siunitx_number_lower_threshold_int=\count275
\l__siunitx_number_upper_threshold_int=\count276
\l__siunitx_number_group_first_int=\count277
\l__siunitx_number_group_size_int=\count278
\l__siunitx_number_group_minimum_int=\count279
\l__siunitx_angle_tmp_dim=\dimen147
\l__siunitx_angle_marker_box=\box53
\l__siunitx_angle_unit_box=\box54
\l__siunitx_compound_count_int=\count280

(/usr/share/texmf-dist/tex/latex/translations/translations.sty
Package: translations 2022/02/05 v1.12 internationalization of LaTeX2e packages
 (CN)

(/usr/share/texmf-dist/tex/latex/etoolbox/etoolbox.sty
Package: etoolbox 2020/10/05 v2.5k e-TeX tools for LaTeX (JAW)
\etb@tempcnta=\count281
)
(/usr/share/texmf-dist/tex/generic/pdftexcmds/pdftexcmds.sty
Package: pdftexcmds 2020-06-27 v0.33 Utility functions of pdfTeX for LuaTeX (HO
)

(/usr/share/texmf-dist/tex/generic/infwarerr/infwarerr.sty
Package: infwarerr 2019/12/03 v1.5 Providing info/warning/error messages (HO)
)
(/usr/share/texmf-dist/tex/generic/iftex/iftex.sty
Package: iftex 2022/02/03 v1.0f TeX engine tests
)
(/usr/share/texmf-dist/tex/generic/ltxcmds/ltxcmds.sty
Package: ltxcmds 2023-12-04 v1.26 LaTeX kernel commands for general use (HO)
)
Package pdftexcmds Info: \pdf@primitive is available.
Package pdftexcmds Info: \pdf@ifprimitive is available.
Package pdftexcmds Info: \pdfdraftmode found.
))
(/usr/share/texmf-dist/tex/latex/amsmath/amstext.sty
Package: amstext 2021/08/26 v2.01 AMS text

(/usr/share/texmf-dist/tex/latex/amsmath/amsgen.sty
File: amsgen.sty 1999/11/30 v2.0 generic functions
\@emptytoks=\toks19
\ex@=\dimen148
))
\l__siunitx_table_tmp_box=\box55
\l__siunitx_table_tmp_dim=\dimen149
\l__siunitx_table_column_width_dim=\dimen150
\l__siunitx_table_integer_box=\box56
\l__siunitx_table_decimal_box=\box57
\l__siunitx_table_uncert_box=\box58
\l__siunitx_table_before_box=\box59
\l__siunitx_table_after_box=\box60
\l__siunitx_table_before_dim=\dimen151
\l__siunitx_table_carry_dim=\dimen152
\l__siunitx_unit_tmp_int=\count282
\l__siunitx_unit_position_int=\count283
\l__siunitx_unit_total_int=\count284

(/usr/share/texmf-dist/tex/latex/tools/array.sty
Package: array 2023/10/16 v2.5g Tabular extension package (FMi)
\col@sep=\dimen153
\ar@mcellbox=\box61
\extrarowheight=\dimen154
\NC@list=\toks20
\extratabsurround=\skip50
\backup@length=\skip51
\ar@cellbox=\box62
))
(/usr/share/texmf-dist/tex/latex/caption/caption.sty
Package: caption 2023/08/05 v3.6o Customizing captions (AR)

(/usr/share/texmf-dist/tex/latex/caption/caption3.sty
Package: caption3 2023/07/31 v2.4d caption3 kernel (AR)
\caption@tempdima=\dimen155
\captionmargin=\dimen156
\caption@leftmargin=\dimen157
\caption@rightmargin=\dimen158
\caption@width=\dimen159
\caption@indent=\dimen160
\caption@parindent=\dimen161
\caption@hangindent=\dimen162
Package caption Info: Standard document class detected.
)
\c@caption@flags=\count285
\c@continuedfloat=\count286
Package caption Info: listings package is loaded.
)
(/usr/share/texmf-dist/tex/latex/hyperref/hyperref.sty
Package: hyperref 2024-01-20 v7.01h Hypertext links for LaTeX

(/usr/share/texmf-dist/tex/latex/kvsetkeys/kvsetkeys.sty
Package: kvsetkeys 2022-10-05 v1.19 Key value parser (HO)
)
(/usr/share/texmf-dist/tex/generic/kvdefinekeys/kvdefinekeys.sty
Package: kvdefinekeys 2019-12-19 v1.6 Define keys (HO)
)
(/usr/share/texmf-dist/tex/generic/pdfescape/pdfescape.sty
Package: pdfescape 2019/12/09 v1.15 Implements pdfTeX's escape features (HO)
)
(/usr/share/texmf-dist/tex/latex/hycolor/hycolor.sty
Package: hycolor 2020-01-27 v1.10 Color options for hyperref/bookmark (HO)
)
(/usr/share/texmf-dist/tex/latex/auxhook/auxhook.sty
Package: auxhook 2019-12-17 v1.6 Hooks for auxiliary files (HO)
)
(/usr/share/texmf-dist/tex/latex/hyperref/nameref.sty
Package: nameref 2023-11-26 v2.56 Cross-referencing by name of section

(/usr/share/texmf-dist/tex/latex/refcount/refcount.sty
Package: refcount 2019/12/15 v3.6 Data extraction from label references (HO)
)
(/usr/share/texmf-dist/tex/generic/gettitlestring/gettitlestring.sty
Package: gettitlestring 2019/12/15 v1.6 Cleanup title references (HO)

(/usr/share/texmf-dist/tex/latex/kvoptions/kvoptions.sty
Package: kvoptions 2022-06-15 v3.15 Key value format for package options (HO)
))
\c@section@level=\count287
)
\@linkdim=\dimen163
\Hy@linkcounter=\count288
\Hy@pagecounter=\count289

(/usr/share/texmf-dist/tex/latex/hyperref/pd1enc.def
File: pd1enc.def 2024-01-20 v7.01h Hyperref: PDFDocEncoding definition (HO)
Now handling font encoding PD1 ...
... no UTF-8 mapping file for font encoding PD1
)
(/usr/share/texmf-dist/tex/generic/intcalc/intcalc.sty
Package: intcalc 2019/12/15 v1.3 Expandable calculations with integers (HO)
)
\Hy@SavedSpaceFactor=\count290

(/usr/share/texmf-dist/tex/latex/hyperref/puenc.def
File: puenc.def 2024-01-20 v7.01h Hyperref: PDF Unicode definition (HO)
Now handling font encoding PU ...
... no UTF-8 mapping file for font encoding PU
)
Package hyperref Info: Hyper figures OFF on input line 4179.
Package hyperref Info: Link nesting OFF on input line 4184.
Package hyperref Info: Hyper index ON on input line 4187.
Package hyperref Info: Plain pages OFF on input line 4194.
Package hyperref Info: Backreferencing OFF on input line 4199.
Package hyperref Info: Implicit mode ON; LaTeX internals redefined.
Package hyperref Info: Bookmarks ON on input line 4446.
\c@Hy@tempcnt=\count291

(/usr/share/texmf-dist/tex/latex/url/url.sty
\Urlmuskip=\muskip16
Package: url 2013/09/16  ver 3.4  Verb mode for urls, etc.
)
LaTeX Info: Redefining \url on input line 4784.
\XeTeXLinkMargin=\dimen164

(/usr/share/texmf-dist/tex/generic/bitset/bitset.sty
Package: bitset 2019/12/09 v1.3 Handle bit-vector datatype (HO)

(/usr/share/texmf-dist/tex/generic/bigintcalc/bigintcalc.sty
Package: bigintcalc 2019/12/15 v1.5 Expandable calculations on big integers (HO
)
))
\Fld@menulength=\count292
\Field@Width=\dimen165
\Fld@charsize=\dimen166
Package hyperref Info: Hyper figures OFF on input line 6063.
Package hyperref Info: Link nesting OFF on input line 6068.
Package hyperref Info: Hyper index ON on input line 6071.
Package hyperref Info: backreferencing OFF on input line 6078.
Package hyperref Info: Link coloring OFF on input line 6083.
Package hyperref Info: Link coloring with OCG OFF on input line 6088.
Package hyperref Info: PDF/A mode OFF on input line 6093.

(/usr/share/texmf-dist/tex/latex/base/atbegshi-ltx.sty
Package: atbegshi-ltx 2021/01/10 v1.0c Emulation of the original atbegshi
package with kernel methods
)
\Hy@abspage=\count293
\c@Item=\count294
\c@Hfootnote=\count295
)
Package hyperref Info: Driver (autodetected): hpdftex.

(/usr/share/texmf-dist/tex/latex/hyperref/hpdftex.def
File: hpdftex.def 2024-01-20 v7.01h Hyperref driver for pdfTeX

(/usr/share/texmf-dist/tex/latex/base/atveryend-ltx.sty
Package: atveryend-ltx 2020/08/19 v1.0a Emulation of the original atveryend pac
kage
with kernel methods
)
\Fld@listcount=\count296
\c@bookmark@seq@number=\count297

(/usr/share/texmf-dist/tex/latex/rerunfilecheck/rerunfilecheck.sty
Package: rerunfilecheck 2022-07-10 v1.10 Rerun checks for auxiliary files (HO)

(/usr/share/texmf-dist/tex/generic/uniquecounter/uniquecounter.sty
Package: uniquecounter 2019/12/15 v1.4 Provide unlimited unique counter (HO)
)
Package uniquecounter Info: New unique counter `rerunfilecheck' on input line 2
85.
)
\Hy@SectionHShift=\skip52
)
(/usr/share/texmf-dist/tex/latex/amsmath/amsmath.sty
Package: amsmath 2023/05/13 v2.17o AMS math features
\@mathmargin=\skip53

For additional information on amsmath, use the `?' option.
(/usr/share/texmf-dist/tex/latex/amsmath/amsbsy.sty
Package: amsbsy 1999/11/29 v1.2d Bold Symbols
\pmbraise@=\dimen167
)
(/usr/share/texmf-dist/tex/latex/amsmath/amsopn.sty
Package: amsopn 2022/04/08 v2.04 operator names
)
\inf@bad=\count298
LaTeX Info: Redefining \frac on input line 234.
\uproot@=\count299
\leftroot@=\count300
LaTeX Info: Redefining \overline on input line 399.
LaTeX Info: Redefining \colon on input line 410.
\classnum@=\count301
\DOTSCASE@=\count302
LaTeX Info: Redefining \ldots on input line 496.
LaTeX Info: Redefining \dots on input line 499.
LaTeX Info: Redefining \cdots on input line 620.
\Mathstrutbox@=\box63
\strutbox@=\box64
LaTeX Info: Redefining \big on input line 722.
LaTeX Info: Redefining \Big on input line 723.
LaTeX Info: Redefining \bigg on input line 724.
LaTeX Info: Redefining \Bigg on input line 725.
\big@size=\dimen168
LaTeX Font Info:    Redeclaring font encoding OML on input line 743.
LaTeX Font Info:    Redeclaring font encoding OMS on input line 744.
\macc@depth=\count303
LaTeX Info: Redefining \bmod on input line 905.
LaTeX Info: Redefining \pmod on input line 910.
LaTeX Info: Redefining \smash on input line 940.
LaTeX Info: Redefining \relbar on input line 970.
LaTeX Info: Redefining \Relbar on input line 971.
\c@MaxMatrixCols=\count304
\dotsspace@=\muskip17
\c@parentequation=\count305
\dspbrk@lvl=\count306
\tag@help=\toks21
\row@=\count307
\column@=\count308
\maxfields@=\count309
\andhelp@=\toks22
\eqnshift@=\dimen169
\alignsep@=\dimen170
\tagshift@=\dimen171
\tagwidth@=\dimen172
\totwidth@=\dimen173
\lineht@=\dimen174
\@envbody=\toks23
\multlinegap=\skip54
\multlinetaggap=\skip55
\mathdisplay@stack=\toks24
LaTeX Info: Redefining \[ on input line 2953.
LaTeX Info: Redefining \] on input line 2954.
)
(/usr/share/texmf-dist/tex/generic/babel/babel.sty
Package: babel 2024/02/07 v24.2 The Babel package
\babel@savecnt=\count310
\U@D=\dimen175
\l@unhyphenated=\language8

(/usr/share/texmf-dist/tex/generic/babel/txtbabel.def)
\bbl@readstream=\read2
\bbl@dirlevel=\count311

(/usr/share/texmf-dist/tex/generic/babel-spanish/spanish.ldf
Language: spanish.ldf 2021/05/27 v5.0q Spanish support from the babel system
\es@quottoks=\toks25
\es@quotdepth=\count312
Package babel Info: Making " an active character on input line 570.
Package babel Info: Making . an active character on input line 675.
Package babel Info: Making < an active character on input line 722.
Package babel Info: Making > an active character on input line 722.
))
(/usr/share/texmf-dist/tex/generic/babel/locale/es/babel-spanish.tex
Package babel Info: Importing font and identification data for spanish
(babel)             from babel-es.ini. Reported on input line 11.
)
(/usr/share/texmf-dist/tex/latex/base/inputenc.sty
Package: inputenc 2021/02/14 v1.3d Input encoding file
\inpenc@prehook=\toks26
\inpenc@posthook=\toks27
)
(/usr/share/texmf-dist/tex/latex/vmargin/vmargin.sty
Package: vmargin 2004/07/15 V2.5 set document margins (VK)

Package: vmargin 2004/07/15 V2.5 set document margins (VK)
\PaperWidth=\dimen176
\PaperHeight=\dimen177
) (/usr/share/texmf-dist/tex/latex/float/float.sty
Package: float 2001/11/08 v1.3d Float enhancements (AL)
\c@float@type=\count313
\float@exts=\toks28
\float@box=\box65
\@float@everytoks=\toks29
\@floatcapt=\box66
)

Package siunitx Warning: Option "binary-units" has been removed in this
(siunitx)                release.

(/usr/share/texmf-dist/tex/latex/graphics/color.sty
Package: color 2022/01/06 v1.3d Standard LaTeX Color (DPC)

(/usr/share/texmf-dist/tex/latex/graphics-cfg/color.cfg
File: color.cfg 2016/01/02 v1.6 sample color configuration
)
Package color Info: Driver file: pdftex.def on input line 149.

(/usr/share/texmf-dist/tex/latex/graphics/mathcolor.ltx))
(/usr/share/texmf-dist/tex/latex/l3backend/l3backend-pdftex.def
File: l3backend-pdftex.def 2024-02-20 L3 backend support: PDF output (pdfTeX)
\l__color_backend_stack_int=\count314
\l__pdf_internal_box=\box67
) (./main.aux
LaTeX Info: Redefining \. on input line 11.
LaTeX Info: Redefining \% on input line 11.


LaTeX Warning: Label `eq:result_pol1' multiply defined.


LaTeX Warning: Label `eq:result_pol2' multiply defined.


LaTeX Warning: Label `eq:Al_tx' multiply defined.


LaTeX Warning: Label `eq:Al_tx' multiply defined.


LaTeX Warning: Label `fig:simrx_zoom' multiply defined.


LaTeX Warning: Label `fig:simrx_zoom' multiply defined.


LaTeX Warning: Label `fig:simrx_zoom' multiply defined.


LaTeX Warning: Label `fig:simrx_zoom' multiply defined.


LaTeX Warning: Label `fig:simrx_zoom' multiply defined.


LaTeX Warning: Label `fig:simrx_zoom' multiply defined.


LaTeX Warning: Label `fig:simrx_zoom' multiply defined.


LaTeX Warning: Label `fig:simrx_zoom' multiply defined.


LaTeX Warning: Label `fig:simrx_zoom' multiply defined.


LaTeX Warning: Label `fig:simrx_zoom' multiply defined.

)
\openout1 = `main.aux'.

LaTeX Font Info:    Checking defaults for OML/cmm/m/it on input line 23.
LaTeX Font Info:    ... okay on input line 23.
LaTeX Font Info:    Checking defaults for OMS/cmsy/m/n on input line 23.
LaTeX Font Info:    ... okay on input line 23.
LaTeX Font Info:    Checking defaults for OT1/cmr/m/n on input line 23.
LaTeX Font Info:    ... okay on input line 23.
LaTeX Font Info:    Checking defaults for T1/cmr/m/n on input line 23.
LaTeX Font Info:    ... okay on input line 23.
LaTeX Font Info:    Checking defaults for TS1/cmr/m/n on input line 23.
LaTeX Font Info:    ... okay on input line 23.
LaTeX Font Info:    Checking defaults for OMX/cmex/m/n on input line 23.
LaTeX Font Info:    ... okay on input line 23.
LaTeX Font Info:    Checking defaults for U/cmr/m/n on input line 23.
LaTeX Font Info:    ... okay on input line 23.
LaTeX Font Info:    Checking defaults for PD1/pdf/m/n on input line 23.
LaTeX Font Info:    ... okay on input line 23.
LaTeX Font Info:    Checking defaults for PU/pdf/m/n on input line 23.
LaTeX Font Info:    ... okay on input line 23.
 (/usr/share/texmf-dist/tex/context/base/mkii/supp-pdf.mkii
[Loading MPS to PDF converter (version 2006.09.02).]
\scratchcounter=\count315
\scratchdimen=\dimen178
\scratchbox=\box68
\nofMPsegments=\count316
\nofMParguments=\count317
\everyMPshowfont=\toks30
\MPscratchCnt=\count318
\MPscratchDim=\dimen179
\MPnumerator=\count319
\makeMPintoPDFobject=\count320
\everyMPtoPDFconversion=\toks31
) (/usr/share/texmf-dist/tex/latex/epstopdf-pkg/epstopdf-base.sty
Package: epstopdf-base 2020-01-24 v2.11 Base part for package epstopdf
Package epstopdf-base Info: Redefining graphics rule for `.eps' on input line 4
85.

(/usr/share/texmf-dist/tex/latex/latexconfig/epstopdf-sys.cfg
File: epstopdf-sys.cfg 2010/07/13 v1.3 Configuration of (r)epstopdf for TeX Liv
e
))
\c@lstlisting=\count321

(/usr/share/texmf-dist/tex/latex/translations/translations-basic-dictionary-spa
nish.trsl
File: translations-basic-dictionary-spanish.trsl (spanish translation file `tra
nslations-basic-dictionary')
)
Package translations Info: loading dictionary `translations-basic-dictionary' f
or `spanish'. on input line 23.
Package caption Info: Begin \AtBeginDocument code.
Package caption Info: float package is loaded.
Package caption Info: hyperref package is loaded.
Package caption Info: End \AtBeginDocument code.
Package hyperref Info: Link coloring OFF on input line 23.
 (./main.out) (./main.out)
\@outlinefile=\write3
\openout3 = `main.out'.

LaTeX Info: Redefining \. on input line 23.
LaTeX Info: Redefining \% on input line 23.
<./images/logo_UCM.jpg, id=96, 210.7875pt x 240.9pt>
File: ./images/logo_UCM.jpg Graphic file (type jpg)
<use ./images/logo_UCM.jpg>
Package pdftex.def Info: ./images/logo_UCM.jpg  used on input line 37.
(pdftex.def)             Requested size: 164.31752pt x 187.79463pt.
 [1

{/var/lib/texmf/fonts/map/pdftex/updmap/pdftex.map} <./images/logo_UCM.jpg>]
pdfTeX warning (ext4): destination with the same identifier (name{page.1}) has 
been already used, duplicate ignored
<to be read again> 
                   \relax 
l.91 \newpage
              [1]

pdfTeX warning: pdflatex (file ./normas-documentacion/iadeclaracion.pdf): PDF i
nclusion: found PDF version <1.7>, but at most version <1.5> allowed
<./normas-documentacion/iadeclaracion.pdf, id=108, 597.55246pt x 845.07718pt>
File: ./normas-documentacion/iadeclaracion.pdf Graphic file (type pdf)
<use ./normas-documentacion/iadeclaracion.pdf>
Package pdftex.def Info: ./normas-documentacion/iadeclaracion.pdf  used on inpu
t line 103.
(pdftex.def)             Requested size: 469.47046pt x 663.95442pt.

Overfull \hbox (17.0pt too wide) in paragraph at lines 103--104
[][] 
 []

[2 <./normas-documentacion/iadeclaracion.pdf>] (./main.toc
LaTeX Info: Redefining \. on input line 1.
LaTeX Info: Redefining \% on input line 1.
)
\tf@toc=\write4
\openout4 = `main.toc'.

 [3] (./intro.tex)
(./intro_obj.tex) (./teo_fmfsk.tex [4]
<./images/ask.png, id=203, 578.16pt x 507.8975pt>
File: ./images/ask.png Graphic file (type png)
<use ./images/ask.png>
Package pdftex.def Info: ./images/ask.png  used on input line 32.
(pdftex.def)             Requested size: 578.15858pt x 507.89627pt.
) (./teo_2n2222.tex [5 <./images/ask.png>]
<./images/1.png, id=224, 1029.8475pt x 460.72125pt>
File: ./images/1.png Graphic file (type png)
<use ./images/1.png>
Package pdftex.def Info: ./images/1.png  used on input line 36.
(pdftex.def)             Requested size: 1029.845pt x 460.72012pt.
 [6] [7 <./images/1.png>]) (./teo_osc.tex
<./images/fb.png, id=260, 706.64pt x 209.78375pt>
File: ./images/fb.png Graphic file (type png)
<use ./images/fb.png>
Package pdftex.def Info: ./images/fb.png  used on input line 10.
(pdftex.def)             Requested size: 706.63828pt x 209.78322pt.
 [8 <./images/fb.png>]

LaTeX Warning: Command \guillemotright invalid in math mode on input line 57.


LaTeX Warning: Command \guillemotleft invalid in math mode on input line 58.

<./images/sp-tension.png, id=280, 634.37pt x 423.5825pt>
File: ./images/sp-tension.png Graphic file (type png)
<use ./images/sp-tension.png>
Package pdftex.def Info: ./images/sp-tension.png  used on input line 65.
(pdftex.def)             Requested size: 634.36844pt x 423.58147pt.
<./images/pp-transres-real.png, id=281, 527.9725pt x 354.32375pt>
File: ./images/pp-transres-real.png Graphic file (type png)
<use ./images/pp-transres-real.png>
Package pdftex.def Info: ./images/pp-transres-real.png  used on input line 72.
(pdftex.def)             Requested size: 527.9712pt x 354.32288pt.
) [9 <./images/sp-tension.png>] (./teo_micro.tex
<./images/soc.png, id=299, 628.3475pt x 369.38pt>
File: ./images/soc.png Graphic file (type png)
<use ./images/soc.png>
Package pdftex.def Info: ./images/soc.png  used on input line 6.
(pdftex.def)             Requested size: 628.34596pt x 369.37909pt.
 [10 <./images/pp-transres-real.png> <./images/soc.png>]
<./images/avr-cpu.png, id=312, 669.50125pt x 685.56125pt>
File: ./images/avr-cpu.png Graphic file (type png)
<use ./images/avr-cpu.png>
Package pdftex.def Info: ./images/avr-cpu.png  used on input line 26.
(pdftex.def)             Requested size: 669.49962pt x 685.55957pt.


LaTeX Warning: `h' float specifier changed to `ht'.

<./images/avr_datos.png, id=315, 390.45876pt x 256.96pt>
File: ./images/avr_datos.png Graphic file (type png)
<use ./images/avr_datos.png>
Package pdftex.def Info: ./images/avr_datos.png  used on input line 40.
(pdftex.def)             Requested size: 390.4578pt x 256.95937pt.
) [11] (./des.tex [12 <./images/avr-cpu.png> <./images/avr_datos.png>]
<./images/bloques_gral.png, id=343, 1125.20375pt x 651.43375pt>
File: ./images/bloques_gral.png Graphic file (type png)
<use ./images/bloques_gral.png>
Package pdftex.def Info: ./images/bloques_gral.png  used on input line 20.
(pdftex.def)             Requested size: 1125.20102pt x 651.43214pt.
)
(./anal_intro.tex [13 <./images/bloques_gral.png>]) (./des_tx.tex [14]
<./images/transmisor.png, id=368, 1150.2975pt x 915.42pt>
File: ./images/transmisor.png Graphic file (type png)
<use ./images/transmisor.png>
Package pdftex.def Info: ./images/transmisor.png  used on input line 19.
(pdftex.def)             Requested size: 1150.29471pt x 915.41777pt.
 [15 <./images/transmisor.png>]
<./images/small_signal_tx.png, id=382, 1688.3075pt x 891.33pt>
File: ./images/small_signal_tx.png Graphic file (type png)
<use ./images/small_signal_tx.png>
Package pdftex.def Info: ./images/small_signal_tx.png  used on input line 84.
(pdftex.def)             Requested size: 1688.30339pt x 891.32784pt.


LaTeX Warning: `h' float specifier changed to `ht'.

[16{/usr/share/texmf-dist/fonts/enc/dvips/cm-super/cm-super-ts1.enc}] [17 <./im
ages/small_signal_tx.png>]
<./images/bode_tx.png, id=418, 837.1275pt x 555.07375pt>
File: ./images/bode_tx.png Graphic file (type png)
<use ./images/bode_tx.png>
Package pdftex.def Info: ./images/bode_tx.png  used on input line 145.
(pdftex.def)             Requested size: 837.12546pt x 555.07237pt.
 [18 <./images/bode_tx.png>]
<./images/transformer2.png, id=438, 852.18375pt x 463.7325pt>
File: ./images/transformer2.png Graphic file (type png)
<use ./images/transformer2.png>
Package pdftex.def Info: ./images/transformer2.png  used on input line 178.
(pdftex.def)             Requested size: 596.52455pt x 324.61052pt.
 [19 <./images/transformer2.png>]
<./images/sim_vc_vdigital.png, id=453, 1566.85374pt x 609.27625pt>
File: ./images/sim_vc_vdigital.png Graphic file (type png)
<use ./images/sim_vc_vdigital.png>
Package pdftex.def Info: ./images/sim_vc_vdigital.png  used on input line 211.
(pdftex.def)             Requested size: 1253.48471pt x 487.42165pt.


LaTeX Warning: Reference `fig:fft_vc_zoom' on page 20 undefined on input line 2
16.


LaTeX Warning: Reference `fig:fft_vc_zoom' on page 20 undefined on input line 2
20.

<./images/fft_vc.png, id=455, 1519.6775pt x 611.28375pt>
File: ./images/fft_vc.png Graphic file (type png)
<use ./images/fft_vc.png>
Package pdftex.def Info: ./images/fft_vc.png  used on input line 223.
(pdftex.def)             Requested size: 1215.74368pt x 489.02766pt.
<./images/fft_vc_zoom.png, id=456, 1563.8425pt x 615.29875pt>
File: ./images/fft_vc_zoom.png Graphic file (type png)
<use ./images/fft_vc_zoom.png>
Package pdftex.def Info: ./images/fft_vc_zoom.png  used on input line 229.
(pdftex.def)             Requested size: 1251.07573pt x 492.23967pt.

LaTeX Warning: `!h' float specifier changed to `!ht'.


LaTeX Warning: `!h' float specifier changed to `!ht'.

[20 <./images/sim_vc_vdigital.png>]
<./images/exp_tx.png, id=470, 688.5725pt x 456.70625pt>
File: ./images/exp_tx.png Graphic file (type png)
<use ./images/exp_tx.png>
Package pdftex.def Info: ./images/exp_tx.png  used on input line 240.
(pdftex.def)             Requested size: 413.14668pt x 274.02585pt.


LaTeX Warning: `!h' float specifier changed to `!ht'.

File: ./images/exp_tx.png Graphic file (type png)
<use ./images/exp_tx.png>
Package pdftex.def Info: ./images/exp_tx.png  used on input line 247.
(pdftex.def)             Requested size: 413.14668pt x 274.02585pt.

LaTeX Warning: `!h' float specifier changed to `!ht'.

) (./des_rx.tex
<./images/receptor.png, id=472, 1359.0775pt x 830.10126pt>
File: ./images/receptor.png Graphic file (type png)
<use ./images/receptor.png>
Package pdftex.def Info: ./images/receptor.png  used on input line 11.
(pdftex.def)             Requested size: 1359.0742pt x 830.09924pt.


LaTeX Warning: `h' float specifier changed to `ht'.

[21 <./images/fft_vc.png> <./images/fft_vc_zoom.png>] [22 <./images/exp_tx.png 
(PNG copy)>]

LaTeX Warning: Reference `des_tx.tex' on page 23 undefined on input line 54.

<./images/small_signal_rx.png, id=493, 1688.3075pt x 891.33pt>
File: ./images/small_signal_rx.png Graphic file (type png)
<use ./images/small_signal_rx.png>
Package pdftex.def Info: ./images/small_signal_rx.png  used on input line 58.
(pdftex.def)             Requested size: 1688.30339pt x 891.32784pt.

LaTeX Warning: `h' float specifier changed to `ht'.

[23 <./images/receptor.png>] [24 <./images/small_signal_rx.png>]
<./images/quench-explain.png, id=520, 1283.79625pt x 857.2025pt>
File: ./images/quench-explain.png Graphic file (type png)
<use ./images/quench-explain.png>
Package pdftex.def Info: ./images/quench-explain.png  used on input line 125.
(pdftex.def)             Requested size: 1283.79312pt x 857.20041pt.


LaTeX Warning: `!h' float specifier changed to `!ht'.

[25] [26 <./images/quench-explain.png>]
<./images/simrx_zoom.png, id=546, 1583.9175pt x 611.28375pt>
File: ./images/simrx_zoom.png Graphic file (type png)
<use ./images/simrx_zoom.png>
Package pdftex.def Info: ./images/simrx_zoom.png  used on input line 170.
(pdftex.def)             Requested size: 1267.13574pt x 489.02766pt.
<./images/simrx_vout.png, id=548, 1585.925pt x 483.8075pt>
File: ./images/simrx_vout.png Graphic file (type png)
<use ./images/simrx_vout.png>
Package pdftex.def Info: ./images/simrx_vout.png  used on input line 179.
(pdftex.def)             Requested size: 1268.74174pt x 387.04652pt.


LaTeX Warning: `!h' float specifier changed to `!ht'.

<./images/exp_work_freq.png, id=551, 721.94719pt x 348.55219pt>
File: ./images/exp_work_freq.png Graphic file (type png)
<use ./images/exp_work_freq.png>
Package pdftex.def Info: ./images/exp_work_freq.png  used on input line 191.
(pdftex.def)             Requested size: 505.35959pt x 243.98485pt.

LaTeX Warning: `!h' float specifier changed to `!ht'.

<./images/exp_quench+VC.PNG, id=552, 541.27219pt x 341.02406pt>
File: ./images/exp_quench+VC.PNG Graphic file (type png)
<use ./images/exp_quench+VC.PNG>
Package pdftex.def Info: ./images/exp_quench+VC.PNG  used on input line 197.
(pdftex.def)             Requested size: 378.88794pt x 238.71521pt.

LaTeX Warning: `!h' float specifier changed to `!ht'.

<./images/exp_quench+vout.png, id=553, 688.5725pt x 456.70625pt>
File: ./images/exp_quench+vout.png Graphic file (type png)
<use ./images/exp_quench+vout.png>
Package pdftex.def Info: ./images/exp_quench+vout.png  used on input line 203.
(pdftex.def)             Requested size: 481.99745pt x 319.69218pt.

LaTeX Warning: `!h' float specifier changed to `!ht'.

) (./digital_intro.tex [27 <./images/simrx_zoom.png>] [28 <./images/simrx_vout.
png> <./images/exp_work_freq.png> <./images/exp_quench+VC.PNG>]
(/usr/share/texmf-dist/tex/latex/listings/lstlang1.sty
File: lstlang1.sty 2024/02/21 1.10 listings language file
)
(/usr/share/texmf-dist/tex/latex/listings/lstlang2.sty
File: lstlang2.sty 2024/02/21 1.10 listings language file
)
(/usr/share/texmf-dist/tex/latex/listings/lstmisc.sty
File: lstmisc.sty 2024/02/21 1.10 (Carsten Heinz)
)
Package hyperref Info: bookmark level for unknown lstlisting defaults to 0 on i
nput line 11.

(/home/jose/Documents/tfg2/digital/gpio_signaldriven/v6_final/Makefile)
[29 <./images/exp_quench+vout.png (PNG copy)>]) (./des_digital_rx.tex [30]
(/usr/share/texmf-dist/tex/latex/listings/lstlang1.sty
File: lstlang1.sty 2024/02/21 1.10 listings language file
)
(/usr/share/texmf-dist/tex/latex/listings/lstmisc.sty
File: lstmisc.sty 2024/02/21 1.10 (Carsten Heinz)
)
(/home/jose/Documents/tfg2/digital/receptor-8mhz-mean/main.c
LaTeX Font Info:    Trying to load font information for OML+cmr on input line 1
.

(/usr/share/texmf-dist/tex/latex/base/omlcmr.fd
File: omlcmr.fd 2023/04/13 v2.5m Standard LaTeX font definitions
)
LaTeX Font Info:    Font shape `OML/cmr/m/n' in size <10> not available
(Font)              Font shape `OML/cmm/m/it' tried instead on input line 1.
LaTeX Font Info:    Trying to load font information for OMS+cmr on input line 1
9.

(/usr/share/texmf-dist/tex/latex/base/omscmr.fd
File: omscmr.fd 2023/04/13 v2.5m Standard LaTeX font definitions
)
LaTeX Font Info:    Font shape `OMS/cmr/m/n' in size <10> not available
(Font)              Font shape `OMS/cmsy/m/n' tried instead on input line 19.
 [31] [32] [33] [34]))
(./des_digital_tx.tex (/home/jose/Documents/tfg2/digital/transmisor/main.c
[35] [36] [37])) (./crono.tex) (./crono_txfm.tex
<./images/crono_tx_rx_osciloscopio.jpg, id=976, 3854.4pt x 5139.2pt>
File: ./images/crono_tx_rx_osciloscopio.jpg Graphic file (type jpg)
<use ./images/crono_tx_rx_osciloscopio.jpg>
Package pdftex.def Info: ./images/crono_tx_rx_osciloscopio.jpg  used on input l
ine 12.
(pdftex.def)             Requested size: 1156.32895pt x 1541.77194pt.


LaTeX Warning: `h' float specifier changed to `ht'.

<./images/crono_2tx_placa.jpg, id=977, 3854.4pt x 5139.2pt>
File: ./images/crono_2tx_placa.jpg Graphic file (type jpg)
<use ./images/crono_2tx_placa.jpg>
Package pdftex.def Info: ./images/crono_2tx_placa.jpg  used on input line 19.
(pdftex.def)             Requested size: 1156.32895pt x 1541.77194pt.

LaTeX Warning: `h' float specifier changed to `ht'.

<./images/crono_sch_varactor_tx.png, id=978, 1746.525pt x 730.73pt>
File: ./images/crono_sch_varactor_tx.png Graphic file (type png)
<use ./images/crono_sch_varactor_tx.png>
Package pdftex.def Info: ./images/crono_sch_varactor_tx.png  used on input line
 26.
(pdftex.def)             Requested size: 1746.52075pt x 730.72821pt.

LaTeX Warning: `h' float specifier changed to `ht'.

) [38] (./crono_rxfm.tex [39 <./images/crono_tx_rx_osciloscopio.jpg> <./images/
crono_2tx_placa.jpg>]) (./crono_digital.tex
<./images/crono_logisim.png, id=1015, 1252.68pt x 854.19125pt>
File: ./images/crono_logisim.png Graphic file (type png)
<use ./images/crono_logisim.png>
Package pdftex.def Info: ./images/crono_logisim.png  used on input line 9.
(pdftex.def)             Requested size: 1252.67694pt x 854.18918pt.


LaTeX Warning: `!h' float specifier changed to `!ht'.

<./images/crono_sch_receiver_varactor.png, id=1016, 1796.7125pt x 845.1575pt>
File: ./images/crono_sch_receiver_varactor.png Graphic file (type png)
<use ./images/crono_sch_receiver_varactor.png>
Package pdftex.def Info: ./images/crono_sch_receiver_varactor.png  used on inpu
t line 16.
(pdftex.def)             Requested size: 1796.70813pt x 845.15544pt.

LaTeX Warning: `!h' float specifier changed to `!ht'.

<./images/crono_general.jpg, id=1017, 3854.4pt x 5139.2pt>
File: ./images/crono_general.jpg Graphic file (type jpg)
<use ./images/crono_general.jpg>
Package pdftex.def Info: ./images/crono_general.jpg  used on input line 23.
(pdftex.def)             Requested size: 1927.19533pt x 2569.59377pt.

LaTeX Warning: `!h' float specifier changed to `!ht'.

) [40 <./images/crono_sch_varactor_tx.png>] (./crono_directa.tex [41 <./images/
crono_logisim.png> <./images/crono_sch_receiver_varactor.png>]
<./images/crono_radio2.png, id=1033, 1382.16376pt x 707.64375pt>
File: ./images/crono_radio2.png Graphic file (type png)
<use ./images/crono_radio2.png>
Package pdftex.def Info: ./images/crono_radio2.png  used on input line 9.
(pdftex.def)             Requested size: 1382.16039pt x 707.64203pt.


LaTeX Warning: `!h' float specifier changed to `!ht'.

<./images/crono_radio2_real.jpg, id=1034, 5139.2pt x 3854.4pt>
File: ./images/crono_radio2_real.jpg Graphic file (type jpg)
<use ./images/crono_radio2_real.jpg>
Package pdftex.def Info: ./images/crono_radio2_real.jpg  used on input line 16.

(pdftex.def)             Requested size: 2569.59377pt x 1927.19533pt.

LaTeX Warning: `!h' float specifier changed to `!ht'.

) (./grant.tex
<./images/grant.png, id=1036, 770.88pt x 578.16pt>
File: ./images/grant.png Graphic file (type png)
<use ./images/grant.png>
Package pdftex.def Info: ./images/grant.png  used on input line 4.
(pdftex.def)             Requested size: 770.87813pt x 578.15858pt.
)

LaTeX Warning: `!h' float specifier changed to `!ht'.

(./result.tex [42 <./images/crono_general.jpg>] [43 <./images/crono_radio2.png>
 <./images/crono_radio2_real.jpg>]) [44 <./images/grant.png (PNG copy)>]
(./main.lof
LaTeX Info: Redefining \. on input line 1.
LaTeX Info: Redefining \% on input line 1.
)
\tf@lof=\write5
\openout5 = `main.lof'.

 [45] (./main.aux
LaTeX Info: Redefining \. on input line 11.
LaTeX Info: Redefining \% on input line 11.
)
 ***********
LaTeX2e <2023-11-01> patch level 1
L3 programming layer <2024-02-20>
 ***********


LaTeX Warning: There were undefined references.


LaTeX Warning: There were multiply-defined labels.

Package rerunfilecheck Info: File `main.out' has not changed.
(rerunfilecheck)             Checksum: D1DA8D681B263BB6E06861AB35302EF1;4749.
 ) 
Here is how much of TeX's memory you used:
 19121 strings out of 476014
 361021 string characters out of 5792004
 2158187 words of memory out of 5000000
 40339 multiletter control sequences out of 15000+600000
 569660 words of font info for 76 fonts, out of 8000000 for 9000
 40 hyphenation exceptions out of 8191
 75i,19n,80p,1143b,2578s stack positions out of 10000i,1000n,20000p,200000b,200000s
</usr/share/texmf-dist/fonts/type1/public/amsfonts/cm/cmbx10.pfb></usr/share/
texmf-dist/fonts/type1/public/amsfonts/cm/cmbx12.pfb></usr/share/texmf-dist/fon
ts/type1/public/amsfonts/cm/cmbx8.pfb></usr/share/texmf-dist/fonts/type1/public
/amsfonts/cm/cmbxti10.pfb></usr/share/texmf-dist/fonts/type1/public/amsfonts/cm
/cmex10.pfb></usr/share/texmf-dist/fonts/type1/public/amsfonts/cmextra/cmex8.pf
b></usr/share/texmf-dist/fonts/type1/public/amsfonts/cm/cmmi10.pfb></usr/share/
texmf-dist/fonts/type1/public/amsfonts/cm/cmmi6.pfb></usr/share/texmf-dist/font
s/type1/public/amsfonts/cm/cmmi8.pfb></usr/share/texmf-dist/fonts/type1/public/
amsfonts/cm/cmr10.pfb></usr/share/texmf-dist/fonts/type1/public/amsfonts/cm/cmr
12.pfb></usr/share/texmf-dist/fonts/type1/public/amsfonts/cm/cmr6.pfb></usr/sha
re/texmf-dist/fonts/type1/public/amsfonts/cm/cmr8.pfb></usr/share/texmf-dist/fo
nts/type1/public/amsfonts/cm/cmr9.pfb></usr/share/texmf-dist/fonts/type1/public
/amsfonts/cm/cmsy10.pfb></usr/share/texmf-dist/fonts/type1/public/amsfonts/cm/c
msy6.pfb></usr/share/texmf-dist/fonts/type1/public/amsfonts/cm/cmsy8.pfb></usr/
share/texmf-dist/fonts/type1/public/amsfonts/cm/cmti10.pfb></usr/share/texmf-di
st/fonts/type1/public/amsfonts/cm/cmti9.pfb></usr/share/texmf-dist/fonts/type1/
public/amsfonts/cm/cmtt10.pfb></usr/share/texmf-dist/fonts/type1/public/amsfont
s/cm/cmtt9.pfb></usr/share/texmf-dist/fonts/type1/public/cm-super/sfrm1000.pfb>
</usr/share/texmf-dist/fonts/type1/public/cm-super/sfrm1095.pfb>
Output written on main.pdf (46 pages, 28583365 bytes).
PDF statistics:
 1332 PDF objects out of 1440 (max. 8388607)
 1170 compressed objects within 12 object streams
 634 named destinations out of 1000 (max. 500000)
 365 words of extra memory for PDF output out of 10000 (max. 10000000)

